


                    **************************************
                    *                                    *
                    *                                    *
                    *                                    *
                    *        Relativistic SCF Run        *
                    *                                    *
                    *            written by              *
                    *                                    *
                    * B. K. Sahoo. Start date 12-05-2008 *
                    *                                    *
                    *                                    *
                    *                                    *
                    **************************************
           Gaussian type of orbitals chosen
           Orbitals are frozen for active space 
           Point nucleus is considered          
           Neutral atom has been considered     
                    **************************************


                           Mg DF SCF Calculation                                                           


>>>>>>>>>>>>>>> INPUT DATA >>>>>>>>>>>>>>>>>>>>>>>>
NUMBER OF SYMMETRIES =  7
     NUM BASIS  -->    35  28  28  25  25  20  20
       OCC ORB  -->     3   1   1   0   0   0   0
      FRZ CORE  -->     1   1   1   0   0   0   0
     HIGH VIRT  -->     7   5   5   3   3   2   2


                  BASIS TYPE :    UB


ALPHA1 = 0.6250D-02        BETA1 =0.2630D+01
CHARGE = 0
MAX ITER = 50        CONV. =0.1000D-06
IPRINT =  0
NUCLEAR OPTION =  0
Occupied orbitals    5    Occupied electrons =  12
Atomic number 0.1200D+02        and mass = 0.2430D+02
<<<<<<<<<<<<<<<<<<<<<<<<<<<<<<<<<<<<<<<<<<<<<<<<<<<

                    **************************************


 ATOM =  MG        PROTON NUMBER =   12


 Mass = 0.2430D+02        ATOMIC NUMBER = 0.1200D+02
 Nuclear R0 =   1.433829202154282E-003 Rrms =  5.088148372800960E-005
 Stepsize=  3.000000000000000E-002  Total grids=         740
  Maximum radius R(N) =     6092647.96117629     

   TOTAL NUMBER OF BASIS FUNCTION= 181


  SYMMETRY   NO. OF OCC ORBITS   NSKIPC

     1               3               0
     2               1               3
     3               1               4
     4               0               5
     5               0               5
     6               0               5
     7               0               5
  SYMMETRY   NO. OF BASIS FUNCTION   NSKIPE

     1              35               0
     2              28              35
     3              28              63
     4              25              91
     5              25             116
     6              20             141
     7              20             161

 CONVERGENCE DATA
 MAXIMUM NO. OF ITERATION=    50
 CONVERGENCE CRITERION   = 1.0D- 7



 CYCLE      DENSITY CONV

  0          0.0000000D+00
